<?xml version="1.0" encoding="UTF-8"?>
<!-- Generated by org.testng.reporters.JUnitReportReporter -->
<testsuite hostname="LAPTOP-9D9RC2AB" failures="0" tests="1" name="testng.practice.AppTestTest" time="0.006" errors="0" timestamp="2024-05-01T19:10:25 IST" skipped="0">
  <testcase classname="testng.practice.AppTestTest" name="AppTestTest" time="0.006"/>
</testsuite> <!-- testng.practice.AppTestTest -->
