<?xml version="1.0" encoding="UTF-8"?>
<!-- Generated by org.testng.reporters.JUnitReportReporter -->
<testsuite hostname="LAPTOP-9D9RC2AB" failures="0" tests="1" name="maven1.project1.one" time="0.007" errors="0" timestamp="2024-05-01T17:50:36 IST" skipped="0">
  <testcase classname="maven1.project1.one" name="method1" time="0.007"/>
</testsuite> <!-- maven1.project1.one -->
