<?xml version="1.0" encoding="UTF-8"?>
<!-- Generated by org.testng.reporters.JUnitReportReporter -->
<testsuite hostname="LAPTOP-9D9RC2AB" failures="0" tests="1" name="Test.Testcase" time="0.005" errors="0" timestamp="2024-05-04T23:18:03 IST" skipped="0">
  <testcase classname="Test.Testcase" name="test" time="0.005"/>
  <system-out/>
</testsuite> <!-- Test.Testcase -->
