<?xml version="1.0" encoding="UTF-8"?>
<!-- Generated by org.testng.reporters.JUnitReportReporter -->
<testsuite hostname="LAPTOP-9D9RC2AB" failures="0" tests="1" name="Test.TestCase2" time="0.002" errors="0" timestamp="2024-05-04T23:18:03 IST" skipped="0">
  <testcase classname="Test.TestCase2" name="login1" time="0.002"/>
  <system-out/>
</testsuite> <!-- Test.TestCase2 -->
