<?xml version="1.0" encoding="UTF-8"?>
<!-- Generated by org.testng.reporters.JUnitReportReporter -->
<testsuite hostname="LAPTOP-9D9RC2AB" failures="0" tests="1" name="TestCasess.TestCase1" time="0.004" errors="0" timestamp="2024-05-04T23:25:10 IST" skipped="0">
  <testcase classname="TestCasess.TestCase1" name="test" time="0.004"/>
  <system-out/>
</testsuite> <!-- TestCasess.TestCase1 -->
