<?xml version="1.0" encoding="UTF-8"?>
<!-- Generated by org.testng.reporters.JUnitReportReporter -->
<testsuite hostname="LAPTOP-9D9RC2AB" failures="0" tests="1" name="package1.TestCase1" time="0.014" errors="0" timestamp="2024-05-07T08:21:06 IST" skipped="0">
  <testcase classname="package1.TestCase1" name="m1" time="0.014"/>
</testsuite> <!-- package1.TestCase1 -->
