<?xml version="1.0" encoding="UTF-8"?>
<!-- Generated by org.testng.reporters.JUnitReportReporter -->
<testsuite hostname="LAPTOP-9D9RC2AB" failures="0" tests="2" name="package1.Testngannotation" time="0.006" errors="0" timestamp="2024-05-08T22:15:12 IST" skipped="0">
  <testcase classname="package1.Testngannotation" name="testcase2" time="0.002"/>
  <testcase classname="package1.Testngannotation" name="testcase1" time="0.004"/>
</testsuite> <!-- package1.Testngannotation -->
