<?xml version="1.0" encoding="UTF-8"?>
<!-- Generated by org.testng.reporters.JUnitReportReporter -->
<testsuite hostname="LAPTOP-9D9RC2AB" failures="0" tests="10" name="package1.Innovaction" time="0.017" errors="0" timestamp="2024-05-08T22:14:19 IST" skipped="0">
  <testcase classname="package1.Innovaction" name="login" time="0.000"/>
  <testcase classname="package1.Innovaction" name="login" time="0.002"/>
  <testcase classname="package1.Innovaction" name="login" time="0.006"/>
  <testcase classname="package1.Innovaction" name="login" time="0.002"/>
  <testcase classname="package1.Innovaction" name="login" time="0.001"/>
  <testcase classname="package1.Innovaction" name="login" time="0.002"/>
  <testcase classname="package1.Innovaction" name="login" time="0.001"/>
  <testcase classname="package1.Innovaction" name="login" time="0.001"/>
  <testcase classname="package1.Innovaction" name="login" time="0.001"/>
  <testcase classname="package1.Innovaction" name="login" time="0.001"/>
</testsuite> <!-- package1.Innovaction -->
